<?xml version="1.0" encoding="UTF-8"?>
<coverage generated="1676959336090" clover="3.2.0">
  <project timestamp="1676959336090" name="All files">
    <metrics statements="38" coveredstatements="38" conditionals="0" coveredconditionals="0" methods="22" coveredmethods="5" elements="60" coveredelements="43" complexity="0" loc="38" ncloc="38" packages="1" files="2" classes="2"/>
    <file name="generalActions.js" path="/Users/user/Desktop/work/myProj/TestProj/app/services/general/generalActions.js">
      <metrics statements="28" coveredstatements="28" conditionals="0" coveredconditionals="0" methods="14" coveredmethods="3"/>
      <line num="1" count="2" type="stmt"/>
      <line num="2" count="2" type="stmt"/>
      <line num="3" count="2" type="stmt"/>
      <line num="5" count="2" type="stmt"/>
      <line num="6" count="2" type="stmt"/>
      <line num="7" count="2" type="stmt"/>
      <line num="9" count="2" type="stmt"/>
      <line num="10" count="2" type="stmt"/>
      <line num="11" count="2" type="stmt"/>
      <line num="13" count="2" type="stmt"/>
      <line num="14" count="2" type="stmt"/>
      <line num="15" count="2" type="stmt"/>
      <line num="17" count="2" type="stmt"/>
      <line num="18" count="2" type="stmt"/>
      <line num="23" count="2" type="stmt"/>
      <line num="24" count="2" type="stmt"/>
      <line num="29" count="2" type="stmt"/>
      <line num="33" count="2" type="stmt"/>
      <line num="38" count="2" type="stmt"/>
      <line num="43" count="2" type="stmt"/>
      <line num="47" count="2" type="stmt"/>
      <line num="52" count="2" type="stmt"/>
      <line num="56" count="2" type="stmt"/>
      <line num="60" count="2" type="stmt"/>
      <line num="65" count="2" type="stmt"/>
      <line num="69" count="2" type="stmt"/>
      <line num="73" count="2" type="stmt"/>
      <line num="78" count="2" type="stmt"/>
    </file>
    <file name="generalReducer.js" path="/Users/user/Desktop/work/myProj/TestProj/app/services/general/generalReducer.js">
      <metrics statements="10" coveredstatements="10" conditionals="0" coveredconditionals="0" methods="8" coveredmethods="2"/>
      <line num="4" count="1" type="stmt"/>
      <line num="21" count="1" type="stmt"/>
      <line num="26" count="1" type="stmt"/>
      <line num="32" count="1" type="stmt"/>
      <line num="36" count="1" type="stmt"/>
      <line num="40" count="1" type="stmt"/>
      <line num="51" count="1" type="stmt"/>
      <line num="55" count="1" type="stmt"/>
      <line num="59" count="1" type="stmt"/>
      <line num="70" count="1" type="stmt"/>
    </file>
  </project>
</coverage>
