{"/Users/user/Desktop/work/myProj/TestProj/app/services/general/generalActions.js": {"path":"/Users/user/Desktop/work/myProj/TestProj/app/services/general/generalActions.js","statementMap":{"0":{"start":{"line":1,"column":34},"end":{"line":1,"column":54}},"1":{"start":{"line":2,"column":42},"end":{"line":2,"column":70}},"2":{"start":{"line":3,"column":41},"end":{"line":3,"column":68}},"3":{"start":{"line":5,"column":34},"end":{"line":5,"column":54}},"4":{"start":{"line":6,"column":42},"end":{"line":6,"column":70}},"5":{"start":{"line":7,"column":41},"end":{"line":7,"column":68}},"6":{"start":{"line":9,"column":34},"end":{"line":9,"column":54}},"7":{"start":{"line":10,"column":42},"end":{"line":10,"column":70}},"8":{"start":{"line":11,"column":41},"end":{"line":11,"column":68}},"9":{"start":{"line":13,"column":31},"end":{"line":13,"column":48}},"10":{"start":{"line":14,"column":39},"end":{"line":14,"column":64}},"11":{"start":{"line":15,"column":38},"end":{"line":15,"column":62}},"12":{"start":{"line":17,"column":31},"end":{"line":17,"column":48}},"13":{"start":{"line":18,"column":29},"end":{"line":21,"column":2}},"14":{"start":{"line":18,"column":41},"end":{"line":21,"column":1}},"15":{"start":{"line":23,"column":30},"end":{"line":23,"column":46}},"16":{"start":{"line":24,"column":28},"end":{"line":27,"column":2}},"17":{"start":{"line":24,"column":40},"end":{"line":27,"column":1}},"18":{"start":{"line":29,"column":30},"end":{"line":31,"column":2}},"19":{"start":{"line":29,"column":37},"end":{"line":31,"column":1}},"20":{"start":{"line":33,"column":37},"end":{"line":36,"column":2}},"21":{"start":{"line":33,"column":49},"end":{"line":36,"column":1}},"22":{"start":{"line":38,"column":36},"end":{"line":41,"column":2}},"23":{"start":{"line":38,"column":48},"end":{"line":41,"column":1}},"24":{"start":{"line":43,"column":32},"end":{"line":45,"column":2}},"25":{"start":{"line":43,"column":39},"end":{"line":45,"column":1}},"26":{"start":{"line":47,"column":39},"end":{"line":50,"column":2}},"27":{"start":{"line":47,"column":51},"end":{"line":50,"column":1}},"28":{"start":{"line":52,"column":38},"end":{"line":54,"column":2}},"29":{"start":{"line":52,"column":45},"end":{"line":54,"column":1}},"30":{"start":{"line":56,"column":32},"end":{"line":58,"column":2}},"31":{"start":{"line":56,"column":39},"end":{"line":58,"column":1}},"32":{"start":{"line":60,"column":39},"end":{"line":63,"column":2}},"33":{"start":{"line":60,"column":51},"end":{"line":63,"column":1}},"34":{"start":{"line":65,"column":38},"end":{"line":67,"column":2}},"35":{"start":{"line":65,"column":45},"end":{"line":67,"column":1}},"36":{"start":{"line":69,"column":32},"end":{"line":71,"column":2}},"37":{"start":{"line":69,"column":39},"end":{"line":71,"column":1}},"38":{"start":{"line":73,"column":39},"end":{"line":76,"column":2}},"39":{"start":{"line":73,"column":51},"end":{"line":76,"column":1}},"40":{"start":{"line":78,"column":38},"end":{"line":80,"column":2}},"41":{"start":{"line":78,"column":45},"end":{"line":80,"column":1}}},"fnMap":{"0":{"name":"(anonymous_0)","decl":{"start":{"line":18,"column":29},"end":{"line":18,"column":30}},"loc":{"start":{"line":18,"column":41},"end":{"line":21,"column":1}},"line":18},"1":{"name":"(anonymous_1)","decl":{"start":{"line":24,"column":28},"end":{"line":24,"column":29}},"loc":{"start":{"line":24,"column":40},"end":{"line":27,"column":1}},"line":24},"2":{"name":"(anonymous_2)","decl":{"start":{"line":29,"column":30},"end":{"line":29,"column":31}},"loc":{"start":{"line":29,"column":37},"end":{"line":31,"column":1}},"line":29},"3":{"name":"(anonymous_3)","decl":{"start":{"line":33,"column":37},"end":{"line":33,"column":38}},"loc":{"start":{"line":33,"column":49},"end":{"line":36,"column":1}},"line":33},"4":{"name":"(anonymous_4)","decl":{"start":{"line":38,"column":36},"end":{"line":38,"column":37}},"loc":{"start":{"line":38,"column":48},"end":{"line":41,"column":1}},"line":38},"5":{"name":"(anonymous_5)","decl":{"start":{"line":43,"column":32},"end":{"line":43,"column":33}},"loc":{"start":{"line":43,"column":39},"end":{"line":45,"column":1}},"line":43},"6":{"name":"(anonymous_6)","decl":{"start":{"line":47,"column":39},"end":{"line":47,"column":40}},"loc":{"start":{"line":47,"column":51},"end":{"line":50,"column":1}},"line":47},"7":{"name":"(anonymous_7)","decl":{"start":{"line":52,"column":38},"end":{"line":52,"column":39}},"loc":{"start":{"line":52,"column":45},"end":{"line":54,"column":1}},"line":52},"8":{"name":"(anonymous_8)","decl":{"start":{"line":56,"column":32},"end":{"line":56,"column":33}},"loc":{"start":{"line":56,"column":39},"end":{"line":58,"column":1}},"line":56},"9":{"name":"(anonymous_9)","decl":{"start":{"line":60,"column":39},"end":{"line":60,"column":40}},"loc":{"start":{"line":60,"column":51},"end":{"line":63,"column":1}},"line":60},"10":{"name":"(anonymous_10)","decl":{"start":{"line":65,"column":38},"end":{"line":65,"column":39}},"loc":{"start":{"line":65,"column":45},"end":{"line":67,"column":1}},"line":65},"11":{"name":"(anonymous_11)","decl":{"start":{"line":69,"column":32},"end":{"line":69,"column":33}},"loc":{"start":{"line":69,"column":39},"end":{"line":71,"column":1}},"line":69},"12":{"name":"(anonymous_12)","decl":{"start":{"line":73,"column":39},"end":{"line":73,"column":40}},"loc":{"start":{"line":73,"column":51},"end":{"line":76,"column":1}},"line":73},"13":{"name":"(anonymous_13)","decl":{"start":{"line":78,"column":38},"end":{"line":78,"column":39}},"loc":{"start":{"line":78,"column":45},"end":{"line":80,"column":1}},"line":78}},"branchMap":{},"s":{"0":2,"1":2,"2":2,"3":2,"4":2,"5":2,"6":2,"7":2,"8":2,"9":2,"10":2,"11":2,"12":2,"13":2,"14":0,"15":2,"16":2,"17":0,"18":2,"19":0,"20":2,"21":0,"22":2,"23":0,"24":2,"25":0,"26":2,"27":0,"28":2,"29":0,"30":2,"31":1,"32":2,"33":1,"34":2,"35":1,"36":2,"37":0,"38":2,"39":0,"40":2,"41":0},"f":{"0":0,"1":0,"2":0,"3":0,"4":0,"5":0,"6":0,"7":0,"8":1,"9":1,"10":1,"11":0,"12":0,"13":0},"b":{},"_coverageSchema":"1a1c01bbd47fc00a2c39e90264f33305004495a9","hash":"1de0cda686785b99c4684fe569ae8f4da24c265e"}
,"/Users/user/Desktop/work/myProj/TestProj/app/services/general/generalReducer.js": {"path":"/Users/user/Desktop/work/myProj/TestProj/app/services/general/generalReducer.js","statementMap":{"0":{"start":{"line":4,"column":29},"end":{"line":19,"column":1}},"1":{"start":{"line":21,"column":32},"end":{"line":24,"column":2}},"2":{"start":{"line":21,"column":42},"end":{"line":24,"column":1}},"3":{"start":{"line":26,"column":39},"end":{"line":30,"column":2}},"4":{"start":{"line":26,"column":59},"end":{"line":30,"column":1}},"5":{"start":{"line":32,"column":39},"end":{"line":35,"column":2}},"6":{"start":{"line":32,"column":49},"end":{"line":35,"column":1}},"7":{"start":{"line":36,"column":39},"end":{"line":39,"column":2}},"8":{"start":{"line":36,"column":59},"end":{"line":39,"column":1}},"9":{"start":{"line":40,"column":35},"end":{"line":50,"column":2}},"10":{"start":{"line":40,"column":55},"end":{"line":50,"column":1}},"11":{"start":{"line":51,"column":33},"end":{"line":54,"column":2}},"12":{"start":{"line":51,"column":53},"end":{"line":54,"column":1}},"13":{"start":{"line":55,"column":31},"end":{"line":58,"column":2}},"14":{"start":{"line":55,"column":51},"end":{"line":58,"column":1}},"15":{"start":{"line":59,"column":29},"end":{"line":69,"column":2}},"16":{"start":{"line":59,"column":49},"end":{"line":69,"column":1}},"17":{"start":{"line":70,"column":31},"end":{"line":79,"column":1}}},"fnMap":{"0":{"name":"(anonymous_0)","decl":{"start":{"line":21,"column":32},"end":{"line":21,"column":33}},"loc":{"start":{"line":21,"column":42},"end":{"line":24,"column":1}},"line":21},"1":{"name":"(anonymous_1)","decl":{"start":{"line":26,"column":39},"end":{"line":26,"column":40}},"loc":{"start":{"line":26,"column":59},"end":{"line":30,"column":1}},"line":26},"2":{"name":"(anonymous_2)","decl":{"start":{"line":32,"column":39},"end":{"line":32,"column":40}},"loc":{"start":{"line":32,"column":49},"end":{"line":35,"column":1}},"line":32},"3":{"name":"(anonymous_3)","decl":{"start":{"line":36,"column":39},"end":{"line":36,"column":40}},"loc":{"start":{"line":36,"column":59},"end":{"line":39,"column":1}},"line":36},"4":{"name":"(anonymous_4)","decl":{"start":{"line":40,"column":35},"end":{"line":40,"column":36}},"loc":{"start":{"line":40,"column":55},"end":{"line":50,"column":1}},"line":40},"5":{"name":"(anonymous_5)","decl":{"start":{"line":51,"column":33},"end":{"line":51,"column":34}},"loc":{"start":{"line":51,"column":53},"end":{"line":54,"column":1}},"line":51},"6":{"name":"(anonymous_6)","decl":{"start":{"line":55,"column":31},"end":{"line":55,"column":32}},"loc":{"start":{"line":55,"column":51},"end":{"line":58,"column":1}},"line":55},"7":{"name":"(anonymous_7)","decl":{"start":{"line":59,"column":29},"end":{"line":59,"column":30}},"loc":{"start":{"line":59,"column":49},"end":{"line":69,"column":1}},"line":59}},"branchMap":{},"s":{"0":1,"1":1,"2":1,"3":1,"4":0,"5":1,"6":1,"7":1,"8":0,"9":1,"10":0,"11":1,"12":0,"13":1,"14":0,"15":1,"16":0,"17":1},"f":{"0":1,"1":0,"2":1,"3":0,"4":0,"5":0,"6":0,"7":0},"b":{},"_coverageSchema":"1a1c01bbd47fc00a2c39e90264f33305004495a9","hash":"cebe1884e9b50dfa9ddd1d65ea04ee21064c5e83"}
}
